Scanning data_timeline: /Users/aidasaglinskas/Desktop/Productivity_Dashboard/app_v000/Data/data_timeline...
Processing day: 2025-07-17 (2025-07-17)...
Processing day: 2025-07-18 (2025-07-18)...
Processing day: 2025-07-19 (2025-07-19)...
Processing day: 2025-07-20 (2025-07-20)...
Processing day: 2025-07-21 (2025-07-21)...
Processing day: 2025-07-22 (2025-07-22)...
Processing day: 2025-07-23 (2025-07-23)...
Processing day: 2025-07-24 (2025-07-24)...
Processing day: 2025-07-25 (2025-07-25)...
Processing day: 2025-07-30 (2025-07-30)...
Processing day: 2025-08-05 (2025-08-05)...
Processing day: 2025-08-06 (2025-08-06)...
Processing day: 2025-08-07 (2025-08-07)...
Processing day: 2025-08-08 (2025-08-08)...
Processing day: 2025-08-09 (2025-08-09)...
Processing day: 2026-01-02 (2026-01-02)...
Processing day: 2026-01-03 (2026-01-03)...
Processing day: 2026-01-04 (2026-01-04)...
Processing day: 2026-01-05 (2026-01-05)...
Processing day: 2026-01-06 (2026-01-06)...
Processing day: 2026-01-07 (2026-01-07)...
Processing day: 2026-01-08 (2026-01-08)...
Processing day: 2026-01-09 (2026-01-09)...
Processing day: 2026-02-04 (2026-02-04)...
Processing day: 2026-02-05 (2026-02-05)...
Processing day: 2026-02-06 (2026-02-06)...
Processing day: 2026-02-07 (2026-02-07)...
Processing day: 2026-02-08 (2026-02-08)...
Processing day: 2026-02-09 (2026-02-09)...
Processing day: 2026-02-10 (2026-02-10)...
Processing day: 2026-03-05 (2026-03-05)...
Processing day: 2026-03-06 (2026-03-06)...
Processing day: 2026-03-09 (2026-03-09)...
Processing day: 2026-03-10 (2026-03-10)...
Processing day: 2026-03-11 (2026-03-11)...
Processing day: 2026-03-12 (2026-03-12)...
Processing day: 2026-03-25 (2026-03-25)...
Processing day: 2026-03-26 (2026-03-26)...
Processing day: 2026-03-27 (2026-03-27)...
Processing day: 2026-03-29 (2026-03-29)...
Processing day: 2026-03-30 (2026-03-30)...
Processing day: 2026-03-31 (2026-03-31)...
Processing day: 2026-04-01 (2026-04-01)...
Processing day: 2026-04-02 (2026-04-02)...
Processing day: 2026-04-03 (2026-04-03)...
Processing day: 2026-04-07 (2026-04-07)...
Processing day: 2026-05-10 (2026-05-10)...
Processing day: 2026-05-11 (2026-05-11)...
Processing day: 2026-05-12 (2026-05-12)...
Processing day: 2026-05-13 (2026-05-13)...
Processing day: 2026-05-14 (2026-05-14)...
Processing day: 2026-05-15 (2026-05-15)...
Processing day: 2026-05-16 (2026-05-16)...
Processing day: 2026-05-17 (2026-05-17)...
Processing day: 2026-05-18 (2026-05-18)...
Processing day: 2026-05-19 (2026-05-19)...
Processing day: 2026-05-20 (2026-05-20)...
Processing day: 2026-05-21 (2026-05-21)...
Processing day: 2026-05-22 (2026-05-22)...
Processing day: 2026-05-23 (2026-05-23)...
Processing day: 2026-05-24 (2026-05-24)...
Processing day: 2026-05-25 (2026-05-25)...
Processing day: 2026-05-26 (2026-05-26)...
Processing day: 2026-05-27 (2026-05-27)...
Processing day: 2026-05-28 (2026-05-28)...
Processing day: 2026-05-29 (2026-05-29)...
Processing day: 2026-05-30 (2026-05-30)...
Processing day: 2026-05-31 (2026-05-31)...
Processing day: 2026-06-01 (2026-06-01)...
Processing day: 2026-06-02 (2026-06-02)...
Processing day: 2026-06-03 (2026-06-03)...
Processing day: 2026-06-04 (2026-06-04)...
Processing day: 2026-06-05 (2026-06-05)...
Processing day: 2026-06-06 (2026-06-06)...
Processing day: 2026-06-07 (2026-06-07)...
Processing day: 2026-06-08 (2026-06-08)...
Processing day: 2026-06-09 (2026-06-09)...
Data loading complete! Processed 77 days.
Latest day: 2026-06-09 (1.93h active / 1.07h iOS)
Total processing time: 0.6828s

==============================================
Productivity Dashboard running at:
http://localhost:8000
==============================================

127.0.0.1 - - [09/Jun/2026 14:03:43] "GET / HTTP/1.1" 304 -
127.0.0.1 - - [09/Jun/2026 14:03:43] "GET /app.js HTTP/1.1" 200 -
127.0.0.1 - - [09/Jun/2026 14:03:43] "GET /api/summary HTTP/1.1" 200 -
127.0.0.1 - - [09/Jun/2026 14:03:43] "GET /api/day?date=2026-06-09 HTTP/1.1" 200 -
127.0.0.1 - - [09/Jun/2026 14:06:43] "GET /api/day?date=2026-06-08 HTTP/1.1" 200 -
127.0.0.1 - - [09/Jun/2026 14:08:32] "GET /api/day?date=2026-06-09 HTTP/1.1" 200 -
127.0.0.1 - - [09/Jun/2026 14:12:27] "GET /api/day?date=2026-03-27 HTTP/1.1" 200 -
127.0.0.1 - - [09/Jun/2026 14:12:43] "GET /api/day?date=2026-06-09 HTTP/1.1" 200 -
